<?xml version="1.0" encoding="UTF-8"?>
<!-- Generated by org.testng.reporters.JUnitXMLReporter -->
<testsuite ignored="2" hostname="Girish" failures="0" tests="2" name="Test" time="0.354" errors="0" timestamp="2023-08-07T17:59:10 IST">
  <testcase classname="practice.TestNG_Annotation2ClassTest" name="executeScriptFirst" time="0.051"/>
  <testcase classname="practice.TestNG_Annotation1ClassTest" name="executeScriptFirst" time="0.012"/>
  <testcase classname="practice.TestNG_Annotation1ClassTest" name="executeScriptSecond" time="0.0">
    <ignored/>
  </testcase> <!-- executeScriptSecond -->
  <testcase classname="practice.TestNG_Annotation2ClassTest" name="executeScriptSecond" time="0.0">
    <ignored/>
  </testcase> <!-- executeScriptSecond -->
</testsuite> <!-- Test -->
